<?xml version="1.0" encoding="utf-8"?><testsuites name="pytest tests"><testsuite name="pytest" errors="0" failures="1" skipped="2" tests="21" time="4.765" timestamp="2026-04-22T15:18:43.873407+00:00" hostname="agent-env-4a36c6ce-bcbb-4233-be49-bf841b83b846"><testcase classname="backend.tests.test_grantpulse" name="test_health" time="0.231" /><testcase classname="backend.tests.test_grantpulse.TestAuth" name="test_signup_duplicate_rejected" time="0.338" /><testcase classname="backend.tests.test_grantpulse.TestAuth" name="test_login_admin" time="0.315" /><testcase classname="backend.tests.test_grantpulse.TestAuth" name="test_login_invalid" time="0.271" /><testcase classname="backend.tests.test_grantpulse.TestAuth" name="test_me_with_token" time="0.050" /><testcase classname="backend.tests.test_grantpulse.TestAuth" name="test_me_without_token" time="0.057" /><testcase classname="backend.tests.test_grantpulse.TestPersona" name="test_save_and_get_persona" time="0.108" /><testcase classname="backend.tests.test_grantpulse.TestDashboard" name="test_metrics" time="0.051" /><testcase classname="backend.tests.test_grantpulse.TestScoutAndGrants" name="test_list_grants_admin" time="0.346" /><testcase classname="backend.tests.test_grantpulse.TestScoutAndGrants" name="test_get_grant_detail_admin" time="0.107" /><testcase classname="backend.tests.test_grantpulse.TestScoutAndGrants" name="test_move_stage" time="0.241" /><testcase classname="backend.tests.test_grantpulse.TestScoutAndGrants" name="test_move_stage_invalid" time="0.117" /><testcase classname="backend.tests.test_grantpulse.TestFreeTier" name="test_free_user_draft_blocked" time="0.052" /><testcase classname="backend.tests.test_grantpulse.TestDrafts" name="test_get_draft" time="0.000"><skipped type="pytest.skip" message="no draft created">/app/backend/tests/test_grantpulse.py:230: no draft created</skipped></testcase><testcase classname="backend.tests.test_grantpulse.TestDrafts" name="test_approve_draft" time="0.000"><skipped type="pytest.skip" message="no draft created">/app/backend/tests/test_grantpulse.py:236: no draft created</skipped></testcase><testcase classname="backend.tests.test_grantpulse.TestNotifications" name="test_list_notifications" time="0.053" /><testcase classname="backend.tests.test_grantpulse.TestVault" name="test_upload_list_delete" time="1.321" /><testcase classname="backend.tests.test_grantpulse.TestVault" name="test_upload_non_pdf_rejected" time="0.161" /><testcase classname="backend.tests.test_grantpulse.TestStripe" name="test_checkout_creates_session" time="0.476" /><testcase classname="backend.tests.test_grantpulse.TestStripe" name="test_checkout_invalid_package" time="0.056" /><testcase classname="backend.tests.test_grantpulse.TestStripe" name="test_payment_status" time="0.321"><failure message="assert 500 == 200&#10; +  where 500 = &lt;Response [500]&gt;.status_code">E   assert 500 == 200
     +  where 500 = &lt;Response [500]&gt;.status_code</failure></testcase></testsuite></testsuites>